  main.cpp
d:\profiles\njp2424\desktop\physics\level6\physics-sphere-aabb-collision-3d-mastervs2019\sphere_aabb_collision_3d\main.cpp(192): warning C4244: '=': conversion from 'double' to 'T', possible loss of data
          with
          [
              T=float
          ]
d:\profiles\njp2424\desktop\physics\level6\physics-sphere-aabb-collision-3d-mastervs2019\sphere_aabb_collision_3d\main.cpp(193): warning C4244: '=': conversion from 'double' to 'T', possible loss of data
          with
          [
              T=float
          ]
d:\profiles\njp2424\desktop\physics\level6\physics-sphere-aabb-collision-3d-mastervs2019\sphere_aabb_collision_3d\main.cpp(194): warning C4244: '=': conversion from 'double' to 'T', possible loss of data
          with
          [
              T=float
          ]
d:\profiles\njp2424\desktop\physics\level6\physics-sphere-aabb-collision-3d-mastervs2019\sphere_aabb_collision_3d\main.cpp(200): warning C4244: '=': conversion from 'double' to 'T', possible loss of data
          with
          [
              T=float
          ]
d:\profiles\njp2424\desktop\physics\level6\physics-sphere-aabb-collision-3d-mastervs2019\sphere_aabb_collision_3d\main.cpp(201): warning C4244: '=': conversion from 'double' to 'T', possible loss of data
          with
          [
              T=float
          ]
d:\profiles\njp2424\desktop\physics\level6\physics-sphere-aabb-collision-3d-mastervs2019\sphere_aabb_collision_3d\main.cpp(202): warning C4244: '=': conversion from 'double' to 'T', possible loss of data
          with
          [
              T=float
          ]
d:\profiles\njp2424\desktop\physics\level6\physics-sphere-aabb-collision-3d-mastervs2019\sphere_aabb_collision_3d\main.cpp(208): warning C4244: '=': conversion from 'double' to 'T', possible loss of data
          with
          [
              T=float
          ]
d:\profiles\njp2424\desktop\physics\level6\physics-sphere-aabb-collision-3d-mastervs2019\sphere_aabb_collision_3d\main.cpp(209): warning C4244: '=': conversion from 'double' to 'T', possible loss of data
          with
          [
              T=float
          ]
d:\profiles\njp2424\desktop\physics\level6\physics-sphere-aabb-collision-3d-mastervs2019\sphere_aabb_collision_3d\main.cpp(210): warning C4244: '=': conversion from 'double' to 'T', possible loss of data
          with
          [
              T=float
          ]
d:\profiles\njp2424\desktop\physics\level6\physics-sphere-aabb-collision-3d-mastervs2019\sphere_aabb_collision_3d\main.cpp(216): warning C4244: '=': conversion from 'double' to 'T', possible loss of data
          with
          [
              T=float
          ]
d:\profiles\njp2424\desktop\physics\level6\physics-sphere-aabb-collision-3d-mastervs2019\sphere_aabb_collision_3d\main.cpp(217): warning C4244: '=': conversion from 'double' to 'T', possible loss of data
          with
          [
              T=float
          ]
d:\profiles\njp2424\desktop\physics\level6\physics-sphere-aabb-collision-3d-mastervs2019\sphere_aabb_collision_3d\main.cpp(218): warning C4244: '=': conversion from 'double' to 'T', possible loss of data
          with
          [
              T=float
          ]
d:\profiles\njp2424\desktop\physics\level6\physics-sphere-aabb-collision-3d-mastervs2019\sphere_aabb_collision_3d\main.cpp(553): warning C4244: '=': conversion from 'double' to 'T', possible loss of data
          with
          [
              T=float
          ]
d:\profiles\njp2424\desktop\physics\level6\physics-sphere-aabb-collision-3d-mastervs2019\sphere_aabb_collision_3d\main.cpp(554): warning C4244: '=': conversion from 'double' to 'T', possible loss of data
          with
          [
              T=float
          ]
d:\profiles\njp2424\desktop\physics\level6\physics-sphere-aabb-collision-3d-mastervs2019\sphere_aabb_collision_3d\main.cpp(622): warning C4326: return type of 'main' should be 'int' instead of 'void'
  Sphere_AABB_Collision_3D.vcxproj -> D:\Profiles\njp2424\Desktop\Physics\level6\physics-sphere-AABB-Collision-3D-masterVS2019\Sphere_AABB_Collision_3D\Debug\Sphere_AABB_Collision_3D.exe
